<?xml version="1.0" encoding="UTF-8"?>
<!-- Generated by org.testng.reporters.JUnitReportReporter -->
<testsuite hostname="MSI" failures="0" tests="4" name="tests.LoginTest" time="19.404" errors="0" timestamp="2023-08-03T15:21:52 IST" skipped="0">
  <testcase classname="tests.LoginTest" name="checkLogin" time="3.184"/>
  <system-out/>
  <testcase classname="tests.LoginTest" name="checkLogin" time="3.407"/>
  <system-out/>
  <testcase classname="tests.LoginTest" name="checkLogin" time="8.150"/>
  <system-out/>
  <testcase classname="tests.LoginTest" name="checkLogin" time="4.663"/>
  <system-out/>
</testsuite> <!-- tests.LoginTest -->
