<?xml version="1.0" encoding="UTF-8"?>
<!-- Generated by org.testng.reporters.JUnitReportReporter -->
<testsuite hostname="MSI" failures="0" tests="1" name="tests.HomeTest" time="3.772" errors="0" timestamp="2023-08-03T15:21:52 IST" skipped="0">
  <testcase classname="tests.HomeTest" name="checkLogOut" time="3.772"/>
  <system-out/>
</testsuite> <!-- tests.HomeTest -->
